Mplus VERSION 8
MUTHEN & MUTHEN
11/04/2022  12:14 PM

INPUT INSTRUCTIONS

  TITLE: Msc thesis 31 Oct 2022;
  DATA: FILE = "C:\Users\Jet\Documents\Research_data\Analyses 2020-01 Msc th
  esis\2020-09 Analyses\mpluswide2022-10-31_final_mscthesisdata.dat";
  VARIABLE: NAMES = id
  cohort
  sex
  edu
  black
  DEAD
  apoe4
  Mfreq
  total
  MAoA
  MLexDec
  MSemN
  swit
  clus
  LANG
  s395
  BNEWB09
  SURV16
  langadm
  Ztotal
  ZAoA
  Zlex
  Zclus
  Zswit
  SCD
  lan1
  lan2
  lan3
  lan4
  lan5
  mem1
  mem2
  mem3
  mem4
  mem5
  speed1
  speed2
  speed3
  speed4
  speed5
  vis1
  vis2
  vis3
  vis4
  vis5
  tBREC
  tSIM
  tODD
  tNAM
  tCFL
  tCAT
  totani1
  totani2
  totani3
  totani4
  totani5
  tREP
  tCOM
  tROS
  tBMAT
  tCT1
  tCT2
  ageb
  Tmax
  nrvisits
  T1
  T2
  T3
  T4
  T5
  T6
  DDV2
  DDV3
  DDV4
  DDV5
  DDV6
  ZFreqf
  Zsemf
  ZresFreq
  ZresAoA
  ZresSem
  ZresLex
  ZresSwit
  ZresClus;


  usevariables are id T1-T5 mem1-mem5
  cohort ageb zclus ztotal
  tBREC tSIM tODD tNAM tCFL tREP tCOM tROS tBMAT;
  !DDV2-DDV5;

  IDVARIABLE = id;

  MISSING ARE ALL (-999) ;

  TSCORES= T1-T5;
  !CATEGORICAL = DDV2-DDV5;

  DEFINE: CENTER ageb cohort (GRANDMEAN);

  ANALYSIS:TYPE=RANDOM;
  ESTIMATOR = MLF;

  MODEL: i s | mem1-mem5 AT T1-T5;

  COG by tBREC* tSIM tODD tNAM tCFL
  tREP tCOM tROS tBMAT ;
  [COG@0];
  COG@1;

  i s ON ageb cohort COG ztotal;

  [s] (S);
  [i] (I);
  s*;
  i*;
  i ON zclus ;
  s ON zclus ;

  !retest effect
  !r BY  mem2@1 mem3@1.4 mem4@1.7 mem5@2;
  ![r*];
  !r@0;
  !r with i@0 s@0;

  !joint model
  !F BY DDV2-DDV5@1;

  !F@0;

  !F ON I ;
  !F ON S ;

  !F ON cohort ageb sex edu black;

  output: CINTERVAL;





INPUT READING TERMINATED NORMALLY



Msc thesis 31 Oct 2022;

SUMMARY OF ANALYSIS

Number of groups                                                 1
Number of observations                                         583

Number of dependent variables                                   14
Number of independent variables                                  4
Number of continuous latent variables                            3

Observed dependent variables

  Continuous
   MEM1        MEM2        MEM3        MEM4        MEM5        TBREC
   TSIM        TODD        TNAM        TCFL        TREP        TCOM
   TROS        TBMAT

Observed independent variables
   COHORT      AGEB        ZCLUS       ZTOTAL

Continuous latent variables
   COG         I           S

Variables with special functions

  ID variable           ID

  Time scores
   T1          T2          T3          T4          T5

  Centering (GRANDMEAN)
   AGEB        COHORT


Estimator                                                      MLF
Information matrix                                        OBSERVED
Maximum number of iterations                                   100
Convergence criterion                                    0.100D-05
Maximum number of EM iterations                                500
Convergence criteria for the EM algorithm
  Loglikelihood change                                   0.100D-02
  Relative loglikelihood change                          0.100D-05
  Derivative                                             0.100D-03
Minimum variance                                         0.100D-03
Maximum number of steepest descent iterations                   20
Maximum number of iterations for H1                           2000
Convergence criterion for H1                             0.100D-03
Optimization algorithm                                         EMA

Input data file(s)
  C:\Users\Jet\Documents\Research_data\Analyses 2020-01 Msc thesis\2020-09 Analy
Input data format  FREE


SUMMARY OF DATA

     Number of missing data patterns            18


COVARIANCE COVERAGE OF DATA

Minimum covariance coverage value   0.100


     PROPORTION OF DATA PRESENT


           Covariance Coverage
              MEM1          MEM2          MEM3          MEM4          MEM5
              ________      ________      ________      ________      ________
 MEM1           1.000
 MEM2           0.780         0.780
 MEM3           0.575         0.575         0.575
 MEM4           0.345         0.345         0.345         0.345
 MEM5           0.166         0.166         0.166         0.166         0.166
 TBREC          0.978         0.770         0.571         0.341         0.163
 TSIM           0.998         0.780         0.575         0.345         0.166
 TODD           0.993         0.774         0.571         0.343         0.165
 TNAM           0.997         0.777         0.575         0.345         0.166
 TCFL           0.997         0.777         0.571         0.343         0.166
 TREP           1.000         0.780         0.575         0.345         0.166
 TCOM           0.998         0.779         0.575         0.345         0.166
 TROS           0.991         0.777         0.575         0.345         0.166
 TBMAT          0.981         0.772         0.573         0.343         0.165
 COHORT         1.000         0.780         0.575         0.345         0.166
 AGEB           1.000         0.780         0.575         0.345         0.166
 ZCLUS          1.000         0.780         0.575         0.345         0.166
 ZTOTAL         1.000         0.780         0.575         0.345         0.166


           Covariance Coverage
              TBREC         TSIM          TODD          TNAM          TCFL
              ________      ________      ________      ________      ________
 TBREC          0.978
 TSIM           0.976         0.998
 TODD           0.976         0.991         0.993
 TNAM           0.978         0.995         0.993         0.997
 TCFL           0.974         0.995         0.990         0.993         0.997
 TREP           0.978         0.998         0.993         0.997         0.997
 TCOM           0.976         0.997         0.991         0.995         0.995
 TROS           0.974         0.990         0.988         0.991         0.988
 TBMAT          0.978         0.979         0.978         0.981         0.978
 COHORT         0.978         0.998         0.993         0.997         0.997
 AGEB           0.978         0.998         0.993         0.997         0.997
 ZCLUS          0.978         0.998         0.993         0.997         0.997
 ZTOTAL         0.978         0.998         0.993         0.997         0.997


           Covariance Coverage
              TREP          TCOM          TROS          TBMAT         COHORT
              ________      ________      ________      ________      ________
 TREP           1.000
 TCOM           0.998         0.998
 TROS           0.991         0.990         0.991
 TBMAT          0.981         0.979         0.978         0.981
 COHORT         1.000         0.998         0.991         0.981         1.000
 AGEB           1.000         0.998         0.991         0.981         1.000
 ZCLUS          1.000         0.998         0.991         0.981         1.000
 ZTOTAL         1.000         0.998         0.991         0.981         1.000


           Covariance Coverage
              AGEB          ZCLUS         ZTOTAL
              ________      ________      ________
 AGEB           1.000
 ZCLUS          1.000         1.000
 ZTOTAL         1.000         1.000         1.000



UNIVARIATE SAMPLE STATISTICS


     UNIVARIATE HIGHER-ORDER MOMENT DESCRIPTIVE STATISTICS

         Variable/         Mean/     Skewness/   Minimum/ % with                Percentiles
        Sample Size      Variance    Kurtosis    Maximum  Min/Max      20%/60%    40%/80%    Median

     MEM1                  0.457      -0.517      -1.964    0.17%      -0.133      0.337      0.532
             583.000       0.523       0.014       1.897    0.17%       0.714      1.064
     MEM2                  0.431      -0.755      -2.513    0.22%      -0.218      0.330      0.540
             455.000       0.650       0.630       2.038    0.66%       0.709      1.114
     MEM3                  0.473      -0.592      -2.746    0.30%      -0.243      0.326      0.568
             335.000       0.666       0.316       2.038    0.30%       0.743      1.205
     MEM4                  0.411      -0.785      -2.280    0.50%      -0.305      0.371      0.562
             201.000       0.747       0.229       1.982    0.50%       0.771      1.092
     MEM5                  0.334      -0.753      -2.102    1.03%      -0.299      0.247      0.540
              97.000       0.759       0.317       2.038    1.03%       0.652      0.979
     TBREC                 7.939      -1.086       1.000    0.35%       7.000      8.000      8.000
             570.000       2.987       1.341      10.000   17.72%       9.000      9.000
     TSIM                 15.631      -0.592       0.000    0.86%       9.000     15.000     17.000
             582.000      48.016      -0.650      28.000    0.34%      19.000     22.000
     TODD                 14.693      -1.217       5.000    0.17%      14.000     14.000     15.000
             579.000       1.695       4.614      16.000   38.69%      15.000     16.000
     TNAM                 13.988      -1.630       7.000    0.17%      13.000     14.000     15.000
             581.000       2.170       2.402      15.000   55.59%      15.000     15.000
     TCFL                 11.867       0.443       1.000    0.17%       7.667     10.333     11.667
             581.000      20.771       0.071      27.000    0.17%      12.667     15.667
     TREP                  7.734      -3.176       3.000    0.17%       8.000      8.000      8.000
             583.000       0.408      12.571       8.000   80.62%       8.000      8.000
     TCOM                  5.581      -2.228       1.000    0.34%       5.000      6.000      6.000
             582.000       0.556       6.489       6.000   69.59%       6.000      6.000
     TROS                  2.917      -0.246       0.000    2.25%       2.000      3.000      3.000
             578.000       1.135       0.255       5.000    6.92%       3.000      4.000
     TBMAT                 9.138      -2.787       0.000    0.35%       8.000      9.000     10.000
             572.000       1.682      11.861      10.000   51.40%      10.000     10.000
     COHORT                0.000      -2.427      -2.645    9.78%       0.355      0.355      0.355
             583.000       0.816       4.229       0.355   84.05%       0.355      0.355
     AGEB                  0.000       0.641     -12.360    0.17%      -5.990     -3.248     -1.369
             583.000      45.735      -0.181      23.347    0.17%       0.894      5.807
     ZCLUS                -0.038       1.816      -1.630    0.69%      -0.777     -0.411     -0.208
             583.000       0.962       5.892       6.475    0.17%       0.076      0.503
     ZTOTAL               -0.077       0.229      -2.898    0.17%      -0.979     -0.403     -0.211
             583.000       1.043      -0.139       3.628    0.17%       0.173      0.748


THE MODEL ESTIMATION TERMINATED NORMALLY



MODEL FIT INFORMATION

Number of Free Parameters                       47

Loglikelihood

          H0 Value                      -10690.369

Information Criteria

          Akaike (AIC)                   21474.739
          Bayesian (BIC)                 21680.043
          Sample-Size Adjusted BIC       21530.836
            (n* = (n + 2) / 24)



MODEL RESULTS

                                                    Two-Tailed
                    Estimate       S.E.  Est./S.E.    P-Value

 COG      BY
    TBREC              1.079      0.076     14.175      0.000
    TSIM               5.056      0.372     13.597      0.000
    TODD               0.370      0.060      6.179      0.000
    TNAM               0.889      0.071     12.590      0.000
    TCFL               2.855      0.226     12.626      0.000
    TREP               0.242      0.033      7.377      0.000
    TCOM               0.340      0.033     10.263      0.000
    TROS               0.515      0.052      9.921      0.000
    TBMAT              0.561      0.064      8.809      0.000

 I          ON
    COG                0.296      0.036      8.257      0.000

 S          ON
    COG                0.010      0.008      1.252      0.211

 I          ON
    AGEB              -0.015      0.004     -3.748      0.000
    COHORT            -0.089      0.032     -2.742      0.006
    ZTOTAL             0.166      0.032      5.176      0.000
    ZCLUS             -0.025      0.028     -0.899      0.369

 S          ON
    AGEB              -0.005      0.001     -4.822      0.000
    COHORT             0.001      0.006      0.174      0.862
    ZTOTAL             0.010      0.007      1.514      0.130
    ZCLUS              0.005      0.007      0.722      0.470

 S        WITH
    I                  0.000      0.004     -0.065      0.948

 Means
    COG                0.000      0.000    999.000    999.000

 Intercepts
    MEM1               0.000      0.000    999.000    999.000
    MEM2               0.000      0.000    999.000    999.000
    MEM3               0.000      0.000    999.000    999.000
    MEM4               0.000      0.000    999.000    999.000
    MEM5               0.000      0.000    999.000    999.000
    TBREC              7.924      0.104     76.475      0.000
    TSIM              15.625      0.402     38.884      0.000
    TODD              14.693      0.067    219.534      0.000
    TNAM              13.987      0.107    131.136      0.000
    TCFL              11.862      0.247     48.088      0.000
    TREP               7.734      0.053    146.611      0.000
    TCOM               5.580      0.053    106.065      0.000
    TROS               2.913      0.051     56.929      0.000
    TBMAT              9.130      0.095     95.984      0.000
    I                  0.480      0.032     15.009      0.000
    S                 -0.046      0.006     -7.920      0.000

 Variances
    COG                1.000      0.000    999.000    999.000

 Residual Variances
    MEM1               0.116      0.016      7.261      0.000
    MEM2               0.148      0.015      9.923      0.000
    MEM3               0.131      0.013     10.450      0.000
    MEM4               0.151      0.020      7.460      0.000
    MEM5               0.160      0.041      3.888      0.000
    TBREC              1.831      0.124     14.800      0.000
    TSIM              22.446      1.696     13.236      0.000
    TODD               1.558      0.055     28.279      0.000
    TNAM               1.379      0.081     17.076      0.000
    TCFL              12.605      0.910     13.854      0.000
    TREP               0.349      0.013     26.357      0.000
    TCOM               0.440      0.024     17.988      0.000
    TROS               0.871      0.053     16.415      0.000
    TBMAT              1.370      0.042     32.542      0.000
    I                  0.214      0.022      9.835      0.000
    S                  0.003      0.001      4.486      0.000


QUALITY OF NUMERICAL RESULTS

     Condition Number for the Information Matrix              0.358E-03
       (ratio of smallest to largest eigenvalue)


CONFIDENCE INTERVALS OF MODEL RESULTS

                  Lower .5%  Lower 2.5%    Lower 5%    Estimate    Upper 5%  Upper 2.5%   Upper .5%

 COG      BY
    TBREC            0.883       0.930       0.954       1.079       1.205       1.229       1.275
    TSIM             4.098       4.327       4.444       5.056       5.667       5.784       6.013
    TODD             0.216       0.252       0.271       0.370       0.468       0.487       0.524
    TNAM             0.707       0.750       0.772       0.889       1.005       1.027       1.070
    TCFL             2.273       2.412       2.483       2.855       3.227       3.299       3.438
    TREP             0.158       0.178       0.188       0.242       0.296       0.307       0.327
    TCOM             0.255       0.275       0.286       0.340       0.395       0.405       0.426
    TROS             0.381       0.413       0.430       0.515       0.600       0.617       0.649
    TBMAT            0.397       0.436       0.456       0.561       0.665       0.685       0.725

 I        ON
    COG              0.204       0.226       0.237       0.296       0.355       0.366       0.388

 S        ON
    COG             -0.011      -0.006      -0.003       0.010       0.024       0.026       0.032

 I        ON
    AGEB            -0.026      -0.023      -0.022      -0.015      -0.009      -0.007      -0.005
    COHORT          -0.172      -0.152      -0.142      -0.089      -0.036      -0.025      -0.005
    ZTOTAL           0.083       0.103       0.113       0.166       0.218       0.228       0.248
    ZCLUS           -0.097      -0.079      -0.071      -0.025       0.021       0.030       0.047

 S        ON
    AGEB            -0.007      -0.006      -0.006      -0.005      -0.003      -0.003      -0.002
    COHORT          -0.014      -0.011      -0.009       0.001       0.011       0.013       0.016
    ZTOTAL          -0.007      -0.003      -0.001       0.010       0.021       0.023       0.027
    ZCLUS           -0.013      -0.009      -0.006       0.005       0.016       0.018       0.023

 S        WITH
    I               -0.010      -0.008      -0.006       0.000       0.006       0.007       0.009

 Means
    COG              0.000       0.000       0.000       0.000       0.000       0.000       0.000

 Intercepts
    MEM1             0.000       0.000       0.000       0.000       0.000       0.000       0.000
    MEM2             0.000       0.000       0.000       0.000       0.000       0.000       0.000
    MEM3             0.000       0.000       0.000       0.000       0.000       0.000       0.000
    MEM4             0.000       0.000       0.000       0.000       0.000       0.000       0.000
    MEM5             0.000       0.000       0.000       0.000       0.000       0.000       0.000
    TBREC            7.658       7.721       7.754       7.924       8.095       8.128       8.191
    TSIM            14.589      14.837      14.964      15.625      16.286      16.412      16.660
    TODD            14.520      14.561      14.583      14.693      14.803      14.824      14.865
    TNAM            13.712      13.778      13.811      13.987      14.162      14.196      14.262
    TCFL            11.226      11.378      11.456      11.862      12.268      12.345      12.497
    TREP             7.598       7.631       7.647       7.734       7.821       7.838       7.870
    TCOM             5.445       5.477       5.494       5.580       5.667       5.683       5.716
    TROS             2.782       2.813       2.829       2.913       2.998       3.014       3.045
    TBMAT            8.885       8.944       8.974       9.130       9.287       9.316       9.375
    I                0.398       0.417       0.427       0.480       0.533       0.543       0.562
    S               -0.061      -0.058      -0.056      -0.046      -0.037      -0.035      -0.031

 Variances
    COG              1.000       1.000       1.000       1.000       1.000       1.000       1.000

 Residual Variances
    MEM1             0.075       0.085       0.090       0.116       0.142       0.147       0.157
    MEM2             0.109       0.119       0.123       0.148       0.172       0.177       0.186
    MEM3             0.098       0.106       0.110       0.131       0.151       0.155       0.163
    MEM4             0.099       0.111       0.117       0.151       0.184       0.190       0.203
    MEM5             0.054       0.079       0.092       0.160       0.228       0.241       0.266
    TBREC            1.512       1.588       1.627       1.831       2.034       2.073       2.149
    TSIM            18.078      19.122      19.657      22.446      25.236      25.770      26.814
    TODD             1.416       1.450       1.467       1.558       1.648       1.666       1.699
    TNAM             1.171       1.221       1.246       1.379       1.512       1.538       1.587
    TCFL            10.261      10.822      11.108      12.605      14.102      14.388      14.949
    TREP             0.315       0.323       0.327       0.349       0.371       0.375       0.383
    TCOM             0.377       0.392       0.400       0.440       0.481       0.488       0.503
    TROS             0.734       0.767       0.784       0.871       0.958       0.975       1.008
    TBMAT            1.262       1.288       1.301       1.370       1.440       1.453       1.479
    I                0.158       0.171       0.178       0.214       0.249       0.256       0.270
    S                0.001       0.002       0.002       0.003       0.004       0.005       0.005


DIAGRAM INFORMATION

  Use View Diagram under the Diagram menu in the Mplus Editor to view the diagram.
  If running Mplus from the Mplus Diagrammer, the diagram opens automatically.

  Diagram output
    c:\users\jet\documents\research_data\analyses 2020-01 msc thesis\2020-09 analyses\mplus output\3.conditional_extente

     Beginning Time:  12:14:34
        Ending Time:  12:14:36
       Elapsed Time:  00:00:02



MUTHEN & MUTHEN
3463 Stoner Ave.
Los Angeles, CA  90066

Tel: (310) 391-9971
Fax: (310) 391-8971
Web: www.StatModel.com
Support: Support@StatModel.com

Copyright (c) 1998-2017 Muthen & Muthen
