Mplus VERSION 8
MUTHEN & MUTHEN
11/04/2022  11:50 AM

INPUT INSTRUCTIONS

  TITLE: Msc thesis 31 Oct 2022;
  DATA: FILE = "C:\Users\Jet\Documents\Research_data\Analyses 2020-01 Msc th
  esis\2020-09 Analyses\mpluswide2022-10-31_final_mscthesisdata.dat";
  VARIABLE: NAMES = id
  cohort
  sex
  edu
  black
  DEAD
  apoe4
  Mfreq
  total
  MAoA
  MLexDec
  MSemN
  swit
  clus
  LANG
  s395
  BNEWB09
  SURV16
  langadm
  Ztotal
  ZAoA
  Zlex
  Zclus
  Zswit
  SCD
  lan1
  lan2
  lan3
  lan4
  lan5
  mem1
  mem2
  mem3
  mem4
  mem5
  speed1
  speed2
  speed3
  speed4
  speed5
  vis1
  vis2
  vis3
  vis4
  vis5
  tBREC
  tSIM
  tODD
  tNAM
  tCFL
  tCAT
  totani1
  totani2
  totani3
  totani4
  totani5
  tREP
  tCOM
  tROS
  tBMAT
  tCT1
  tCT2
  ageb
  Tmax
  nrvisits
  T1
  T2
  T3
  T4
  T5
  T6
  DDV2
  DDV3
  DDV4
  DDV5
  DDV6
  ZFreqf
  Zsemf
  ZresFreq
  ZresAoA
  ZresSem
  ZresLex
  ZresSwit
  ZresClus;


  usevariables are id T1-T5 mem1-mem5
  cohort ageb zlex
  tBREC tSIM tODD tNAM tCFL tREP tCOM tROS tBMAT;
  !DDV2-DDV5;

  IDVARIABLE = id;

  MISSING ARE ALL (-999) ;

  TSCORES= T1-T5;
  !CATEGORICAL = DDV2-DDV5;

  DEFINE: CENTER ageb cohort (GRANDMEAN);

  ANALYSIS:TYPE=RANDOM;
  ESTIMATOR = MLF;

  MODEL: i s | mem1-mem5 AT T1-T5;

  COG by tBREC* tSIM tODD tNAM tCFL
  tREP tCOM tROS tBMAT ;
  [COG@0];
  COG@1;

  i s ON ageb cohort COG;

  [s] (S);
  [i] (I);
  s*;
  i*;
  i ON zlex ;
  s ON zlex ;

  !retest effect
  !r BY  mem2@1 mem3@1.4 mem4@1.7 mem5@2;
  ![r*];
  !r@0;
  !r with i@0 s@0;

  !joint model
  !F BY DDV2-DDV5@1;

  !F@0;

  !F ON I ;
  !F ON S ;

  !F ON cohort ageb sex edu black;

  output: CINTERVAL;





INPUT READING TERMINATED NORMALLY



Msc thesis 31 Oct 2022;

SUMMARY OF ANALYSIS

Number of groups                                                 1
Number of observations                                         583

Number of dependent variables                                   14
Number of independent variables                                  3
Number of continuous latent variables                            3

Observed dependent variables

  Continuous
   MEM1        MEM2        MEM3        MEM4        MEM5        TBREC
   TSIM        TODD        TNAM        TCFL        TREP        TCOM
   TROS        TBMAT

Observed independent variables
   COHORT      AGEB        ZLEX

Continuous latent variables
   COG         I           S

Variables with special functions

  ID variable           ID

  Time scores
   T1          T2          T3          T4          T5

  Centering (GRANDMEAN)
   AGEB        COHORT


Estimator                                                      MLF
Information matrix                                        OBSERVED
Maximum number of iterations                                   100
Convergence criterion                                    0.100D-05
Maximum number of EM iterations                                500
Convergence criteria for the EM algorithm
  Loglikelihood change                                   0.100D-02
  Relative loglikelihood change                          0.100D-05
  Derivative                                             0.100D-03
Minimum variance                                         0.100D-03
Maximum number of steepest descent iterations                   20
Maximum number of iterations for H1                           2000
Convergence criterion for H1                             0.100D-03
Optimization algorithm                                         EMA

Input data file(s)
  C:\Users\Jet\Documents\Research_data\Analyses 2020-01 Msc thesis\2020-09 Analy
Input data format  FREE


SUMMARY OF DATA

     Number of missing data patterns            18


COVARIANCE COVERAGE OF DATA

Minimum covariance coverage value   0.100


     PROPORTION OF DATA PRESENT


           Covariance Coverage
              MEM1          MEM2          MEM3          MEM4          MEM5
              ________      ________      ________      ________      ________
 MEM1           1.000
 MEM2           0.780         0.780
 MEM3           0.575         0.575         0.575
 MEM4           0.345         0.345         0.345         0.345
 MEM5           0.166         0.166         0.166         0.166         0.166
 TBREC          0.978         0.770         0.571         0.341         0.163
 TSIM           0.998         0.780         0.575         0.345         0.166
 TODD           0.993         0.774         0.571         0.343         0.165
 TNAM           0.997         0.777         0.575         0.345         0.166
 TCFL           0.997         0.777         0.571         0.343         0.166
 TREP           1.000         0.780         0.575         0.345         0.166
 TCOM           0.998         0.779         0.575         0.345         0.166
 TROS           0.991         0.777         0.575         0.345         0.166
 TBMAT          0.981         0.772         0.573         0.343         0.165
 COHORT         1.000         0.780         0.575         0.345         0.166
 AGEB           1.000         0.780         0.575         0.345         0.166
 ZLEX           1.000         0.780         0.575         0.345         0.166


           Covariance Coverage
              TBREC         TSIM          TODD          TNAM          TCFL
              ________      ________      ________      ________      ________
 TBREC          0.978
 TSIM           0.976         0.998
 TODD           0.976         0.991         0.993
 TNAM           0.978         0.995         0.993         0.997
 TCFL           0.974         0.995         0.990         0.993         0.997
 TREP           0.978         0.998         0.993         0.997         0.997
 TCOM           0.976         0.997         0.991         0.995         0.995
 TROS           0.974         0.990         0.988         0.991         0.988
 TBMAT          0.978         0.979         0.978         0.981         0.978
 COHORT         0.978         0.998         0.993         0.997         0.997
 AGEB           0.978         0.998         0.993         0.997         0.997
 ZLEX           0.978         0.998         0.993         0.997         0.997


           Covariance Coverage
              TREP          TCOM          TROS          TBMAT         COHORT
              ________      ________      ________      ________      ________
 TREP           1.000
 TCOM           0.998         0.998
 TROS           0.991         0.990         0.991
 TBMAT          0.981         0.979         0.978         0.981
 COHORT         1.000         0.998         0.991         0.981         1.000
 AGEB           1.000         0.998         0.991         0.981         1.000
 ZLEX           1.000         0.998         0.991         0.981         1.000


           Covariance Coverage
              AGEB          ZLEX
              ________      ________
 AGEB           1.000
 ZLEX           1.000         1.000



UNIVARIATE SAMPLE STATISTICS


     UNIVARIATE HIGHER-ORDER MOMENT DESCRIPTIVE STATISTICS

         Variable/         Mean/     Skewness/   Minimum/ % with                Percentiles
        Sample Size      Variance    Kurtosis    Maximum  Min/Max      20%/60%    40%/80%    Median

     MEM1                  0.457      -0.517      -1.964    0.17%      -0.133      0.337      0.532
             583.000       0.523       0.014       1.897    0.17%       0.714      1.064
     MEM2                  0.431      -0.755      -2.513    0.22%      -0.218      0.330      0.540
             455.000       0.650       0.630       2.038    0.66%       0.709      1.114
     MEM3                  0.473      -0.592      -2.746    0.30%      -0.243      0.326      0.568
             335.000       0.666       0.316       2.038    0.30%       0.743      1.205
     MEM4                  0.411      -0.785      -2.280    0.50%      -0.305      0.371      0.562
             201.000       0.747       0.229       1.982    0.50%       0.771      1.092
     MEM5                  0.334      -0.753      -2.102    1.03%      -0.299      0.247      0.540
              97.000       0.759       0.317       2.038    1.03%       0.652      0.979
     TBREC                 7.939      -1.086       1.000    0.35%       7.000      8.000      8.000
             570.000       2.987       1.341      10.000   17.72%       9.000      9.000
     TSIM                 15.631      -0.592       0.000    0.86%       9.000     15.000     17.000
             582.000      48.016      -0.650      28.000    0.34%      19.000     22.000
     TODD                 14.693      -1.217       5.000    0.17%      14.000     14.000     15.000
             579.000       1.695       4.614      16.000   38.69%      15.000     16.000
     TNAM                 13.988      -1.630       7.000    0.17%      13.000     14.000     15.000
             581.000       2.170       2.402      15.000   55.59%      15.000     15.000
     TCFL                 11.867       0.443       1.000    0.17%       7.667     10.333     11.667
             581.000      20.771       0.071      27.000    0.17%      12.667     15.667
     TREP                  7.734      -3.176       3.000    0.17%       8.000      8.000      8.000
             583.000       0.408      12.571       8.000   80.62%       8.000      8.000
     TCOM                  5.581      -2.228       1.000    0.34%       5.000      6.000      6.000
             582.000       0.556       6.489       6.000   69.59%       6.000      6.000
     TROS                  2.917      -0.246       0.000    2.25%       2.000      3.000      3.000
             578.000       1.135       0.255       5.000    6.92%       3.000      4.000
     TBMAT                 9.138      -2.787       0.000    0.35%       8.000      9.000     10.000
             572.000       1.682      11.861      10.000   51.40%      10.000     10.000
     COHORT                0.000      -2.427      -2.645    9.78%       0.355      0.355      0.355
             583.000       0.816       4.229       0.355   84.05%       0.355      0.355
     AGEB                  0.000       0.641     -12.360    0.17%      -5.990     -3.248     -1.369
             583.000      45.735      -0.181      23.347    0.17%       0.894      5.807
     ZLEX                 -0.009       0.745      -3.393    0.17%      -0.899     -0.346     -0.106
             583.000       1.086       3.043       6.957    0.17%       0.178      0.775


THE MODEL ESTIMATION TERMINATED NORMALLY



MODEL FIT INFORMATION

Number of Free Parameters                       45

Loglikelihood

          H0 Value                      -10706.532

Information Criteria

          Akaike (AIC)                   21503.063
          Bayesian (BIC)                 21699.632
          Sample-Size Adjusted BIC       21556.774
            (n* = (n + 2) / 24)



MODEL RESULTS

                                                    Two-Tailed
                    Estimate       S.E.  Est./S.E.    P-Value

 COG      BY
    TBREC              1.074      0.076     14.132      0.000
    TSIM               5.019      0.369     13.605      0.000
    TODD               0.368      0.059      6.221      0.000
    TNAM               0.892      0.070     12.734      0.000
    TCFL               2.911      0.220     13.206      0.000
    TREP               0.241      0.033      7.359      0.000
    TCOM               0.340      0.033     10.322      0.000
    TROS               0.512      0.051      9.995      0.000
    TBMAT              0.556      0.063      8.771      0.000

 I          ON
    COG                0.392      0.036     10.880      0.000

 S          ON
    COG                0.012      0.008      1.495      0.135

 I          ON
    AGEB              -0.018      0.004     -4.509      0.000
    COHORT            -0.085      0.032     -2.646      0.008
    ZLEX               0.020      0.029      0.682      0.496

 S          ON
    AGEB              -0.005      0.001     -4.932      0.000
    COHORT             0.001      0.006      0.250      0.803
    ZLEX               0.013      0.007      1.807      0.071

 S        WITH
    I                  0.000      0.004     -0.022      0.983

 Means
    COG                0.000      0.000    999.000    999.000

 Intercepts
    MEM1               0.000      0.000    999.000    999.000
    MEM2               0.000      0.000    999.000    999.000
    MEM3               0.000      0.000    999.000    999.000
    MEM4               0.000      0.000    999.000    999.000
    MEM5               0.000      0.000    999.000    999.000
    TBREC              7.924      0.103     76.711      0.000
    TSIM              15.625      0.400     39.058      0.000
    TODD              14.692      0.067    219.955      0.000
    TNAM              13.987      0.106    131.370      0.000
    TCFL              11.862      0.249     47.630      0.000
    TREP               7.734      0.053    146.960      0.000
    TCOM               5.580      0.053    106.277      0.000
    TROS               2.913      0.051     57.007      0.000
    TBMAT              9.130      0.095     96.516      0.000
    I                  0.467      0.036     13.095      0.000
    S                 -0.045      0.006     -7.767      0.000

 Variances
    COG                1.000      0.000    999.000    999.000

 Residual Variances
    MEM1               0.116      0.016      7.310      0.000
    MEM2               0.148      0.015     10.041      0.000
    MEM3               0.135      0.013     10.568      0.000
    MEM4               0.145      0.020      7.279      0.000
    MEM5               0.160      0.041      3.888      0.000
    TBREC              1.844      0.122     15.072      0.000
    TSIM              22.813      1.689     13.511      0.000
    TODD               1.559      0.055     28.159      0.000
    TNAM               1.373      0.081     16.961      0.000
    TCFL              12.283      0.885     13.877      0.000
    TREP               0.350      0.013     26.276      0.000
    TCOM               0.441      0.024     18.037      0.000
    TROS               0.873      0.053     16.397      0.000
    TBMAT              1.375      0.042     32.689      0.000
    I                  0.216      0.022      9.774      0.000
    S                  0.003      0.001      4.322      0.000


QUALITY OF NUMERICAL RESULTS

     Condition Number for the Information Matrix              0.379E-03
       (ratio of smallest to largest eigenvalue)


CONFIDENCE INTERVALS OF MODEL RESULTS

                  Lower .5%  Lower 2.5%    Lower 5%    Estimate    Upper 5%  Upper 2.5%   Upper .5%

 COG      BY
    TBREC            0.878       0.925       0.949       1.074       1.198       1.222       1.269
    TSIM             4.069       4.296       4.412       5.019       5.626       5.742       5.969
    TODD             0.216       0.252       0.271       0.368       0.466       0.484       0.521
    TNAM             0.712       0.755       0.777       0.892       1.007       1.029       1.073
    TCFL             2.343       2.479       2.549       2.911       3.274       3.343       3.479
    TREP             0.157       0.177       0.187       0.241       0.295       0.306       0.326
    TCOM             0.255       0.275       0.286       0.340       0.394       0.404       0.425
    TROS             0.380       0.412       0.428       0.512       0.597       0.613       0.645
    TBMAT            0.393       0.432       0.452       0.556       0.661       0.681       0.720

 I        ON
    COG              0.299       0.322       0.333       0.392       0.452       0.463       0.485

 S        ON
    COG             -0.009      -0.004      -0.001       0.012       0.025       0.028       0.033

 I        ON
    AGEB            -0.029      -0.026      -0.025      -0.018      -0.012      -0.010      -0.008
    COHORT          -0.169      -0.149      -0.139      -0.085      -0.032      -0.022      -0.002
    ZLEX            -0.055      -0.037      -0.028       0.020       0.067       0.076       0.094

 S        ON
    AGEB            -0.007      -0.006      -0.006      -0.005      -0.003      -0.003      -0.002
    COHORT          -0.013      -0.010      -0.008       0.001       0.011       0.013       0.016
    ZLEX            -0.005      -0.001       0.001       0.013       0.024       0.026       0.030

 S        WITH
    I               -0.010      -0.007      -0.006       0.000       0.006       0.007       0.010

 Means
    COG              0.000       0.000       0.000       0.000       0.000       0.000       0.000

 Intercepts
    MEM1             0.000       0.000       0.000       0.000       0.000       0.000       0.000
    MEM2             0.000       0.000       0.000       0.000       0.000       0.000       0.000
    MEM3             0.000       0.000       0.000       0.000       0.000       0.000       0.000
    MEM4             0.000       0.000       0.000       0.000       0.000       0.000       0.000
    MEM5             0.000       0.000       0.000       0.000       0.000       0.000       0.000
    TBREC            7.658       7.721       7.754       7.924       8.094       8.126       8.190
    TSIM            14.594      14.840      14.966      15.625      16.283      16.409      16.655
    TODD            14.520      14.562      14.583      14.692      14.802      14.823      14.865
    TNAM            13.712      13.778      13.811      13.987      14.162      14.195      14.261
    TCFL            11.220      11.374      11.452      11.862      12.272      12.350      12.503
    TREP             7.599       7.631       7.648       7.734       7.821       7.837       7.870
    TCOM             5.445       5.477       5.494       5.580       5.667       5.683       5.716
    TROS             2.782       2.813       2.829       2.913       2.997       3.013       3.045
    TBMAT            8.886       8.944       8.974       9.130       9.285       9.315       9.373
    I                0.375       0.397       0.409       0.467       0.526       0.537       0.559
    S               -0.060      -0.056      -0.055      -0.045      -0.036      -0.034      -0.030

 Variances
    COG              1.000       1.000       1.000       1.000       1.000       1.000       1.000

 Residual Variances
    MEM1             0.075       0.085       0.090       0.116       0.142       0.147       0.157
    MEM2             0.110       0.119       0.124       0.148       0.173       0.177       0.187
    MEM3             0.102       0.110       0.114       0.135       0.156       0.160       0.168
    MEM4             0.093       0.106       0.112       0.145       0.177       0.184       0.196
    MEM5             0.054       0.079       0.092       0.160       0.228       0.241       0.266
    TBREC            1.529       1.604       1.643       1.844       2.045       2.084       2.159
    TSIM            18.464      19.504      20.035      22.813      25.591      26.123      27.162
    TODD             1.416       1.450       1.468       1.559       1.650       1.667       1.701
    TNAM             1.164       1.214       1.240       1.373       1.506       1.532       1.581
    TCFL            10.003      10.548      10.827      12.283      13.739      14.017      14.563
    TREP             0.315       0.324       0.328       0.350       0.371       0.376       0.384
    TCOM             0.378       0.393       0.400       0.441       0.481       0.489       0.504
    TROS             0.736       0.769       0.786       0.873       0.961       0.978       1.011
    TBMAT            1.267       1.293       1.306       1.375       1.444       1.458       1.484
    I                0.159       0.172       0.179       0.216       0.252       0.259       0.273
    S                0.001       0.002       0.002       0.003       0.004       0.005       0.005


DIAGRAM INFORMATION

  Use View Diagram under the Diagram menu in the Mplus Editor to view the diagram.
  If running Mplus from the Mplus Diagrammer, the diagram opens automatically.

  Diagram output
    c:\users\jet\documents\research_data\analyses 2020-01 msc thesis\2020-09 analyses\mplus output\3.conditional_extente

     Beginning Time:  11:50:55
        Ending Time:  11:50:56
       Elapsed Time:  00:00:01



MUTHEN & MUTHEN
3463 Stoner Ave.
Los Angeles, CA  90066

Tel: (310) 391-9971
Fax: (310) 391-8971
Web: www.StatModel.com
Support: Support@StatModel.com

Copyright (c) 1998-2017 Muthen & Muthen
