Mplus VERSION 8
MUTHEN & MUTHEN
11/04/2022  12:36 PM

INPUT INSTRUCTIONS

  TITLE: Msc thesis 31 Oct 2022;
  DATA: FILE = "C:\Users\Jet\Documents\Research_data\Analyses 2020-01 Msc th
  esis\2020-09 Analyses\mpluswide2022-10-31_final_mscthesisdata.dat";
  VARIABLE: NAMES = id
  cohort
  sex
  edu
  black
  DEAD
  apoe4
  Mfreq
  total
  MAoA
  MLexDec
  MSemN
  swit
  clus
  LANG
  s395
  BNEWB09
  SURV16
  langadm
  Ztotal
  ZAoA
  Zlex
  Zclus
  Zswit
  SCD
  lan1
  lan2
  lan3
  lan4
  lan5
  mem1
  mem2
  mem3
  mem4
  mem5
  speed1
  speed2
  speed3
  speed4
  speed5
  vis1
  vis2
  vis3
  vis4
  vis5
  tBREC
  tSIM
  tODD
  tNAM
  tCFL
  tCAT
  totani1
  totani2
  totani3
  totani4
  totani5
  tREP
  tCOM
  tROS
  tBMAT
  tCT1
  tCT2
  ageb
  Tmax
  nrvisits
  T1
  T2
  T3
  T4
  T5
  T6
  DDV2
  DDV3
  DDV4
  DDV5
  DDV6
  ZFreqf
  Zsemf
  ZresFreq
  ZresAoA
  ZresSem
  ZresLex
  ZresSwit
  ZresClus;


  usevariables are id T1-T5 mem1-mem5
  cohort ageb zfreqf
  DDV2-DDV5;

  IDVARIABLE = id;

  MISSING ARE ALL (-999) ;

  TSCORES= T1-T5;
  CATEGORICAL = DDV2-DDV5;

  DEFINE: CENTER ageb cohort (GRANDMEAN);

  ANALYSIS:TYPE=RANDOM;
  ESTIMATOR = MLF;

  MODEL: i s | mem1-mem5 AT T1-T5;

  !COG by tBREC* tSIM tODD tNAM tCFL
  !tREP tCOM tROS tBMAT ;
  ![COG@0];
  !COG@1;

  i s ON ageb cohort ;

  [s] (S);
  [i] (I);
  s*;
  i*;
  i ON zfreqf ;
  s ON zfreqf ;

  !retest effect
  !r BY  mem2@1 mem3@1.4 mem4@1.7 mem5@2;
  ![r*];
  !r@0;
  !r with i@0 s@0;

  !joint model
  F BY DDV2-DDV5@1;

  F@0;

  F ON I ;
  F ON S ;

  F ON cohort ageb;

  output: CINTERVAL;



INPUT READING TERMINATED NORMALLY



Msc thesis 31 Oct 2022;

SUMMARY OF ANALYSIS

Number of groups                                                 1
Number of observations                                         583

Number of dependent variables                                    9
Number of independent variables                                  3
Number of continuous latent variables                            3

Observed dependent variables

  Continuous
   MEM1        MEM2        MEM3        MEM4        MEM5

  Binary and ordered categorical (ordinal)
   DDV2        DDV3        DDV4        DDV5

Observed independent variables
   COHORT      AGEB        ZFREQF

Continuous latent variables
   F           I           S

Variables with special functions

  ID variable           ID

  Time scores
   T1          T2          T3          T4          T5

  Centering (GRANDMEAN)
   AGEB        COHORT


Estimator                                                      MLF
Information matrix                                        OBSERVED
Optimization Specifications for the Quasi-Newton Algorithm for
Continuous Outcomes
  Maximum number of iterations                                 100
  Convergence criterion                                  0.100D-05
Optimization Specifications for the EM Algorithm
  Maximum number of iterations                                 500
  Convergence criteria
    Loglikelihood change                                 0.100D-02
    Relative loglikelihood change                        0.100D-05
    Derivative                                           0.100D-02
Optimization Specifications for the M step of the EM Algorithm for
Categorical Latent variables
  Number of M step iterations                                    1
  M step convergence criterion                           0.100D-02
  Basis for M step termination                           ITERATION
Optimization Specifications for the M step of the EM Algorithm for
Censored, Binary or Ordered Categorical (Ordinal), Unordered
Categorical (Nominal) and Count Outcomes
  Number of M step iterations                                    1
  M step convergence criterion                           0.100D-02
  Basis for M step termination                           ITERATION
  Maximum value for logit thresholds                            15
  Minimum value for logit thresholds                           -15
  Minimum expected cell size for chi-square              0.100D-01
Maximum number of iterations for H1                           2000
Convergence criterion for H1                             0.100D-03
Optimization algorithm                                         EMA
Integration Specifications
  Type                                                    STANDARD
  Number of integration points                                  15
  Dimensions of numerical integration                            2
  Adaptive quadrature                                           ON
Link                                                         LOGIT
Cholesky                                                       OFF

Input data file(s)
  C:\Users\Jet\Documents\Research_data\Analyses 2020-01 Msc thesis\2020-09 Analy
Input data format  FREE


SUMMARY OF DATA

     Number of missing data patterns             9
     Number of y missing data patterns           5
     Number of u missing data patterns           5


COVARIANCE COVERAGE OF DATA

Minimum covariance coverage value   0.100


     PROPORTION OF DATA PRESENT


           Covariance Coverage
              DDV2          DDV3          DDV4          DDV5          MEM1
              ________      ________      ________      ________      ________
 DDV2           0.858
 DDV3           0.626         0.626
 DDV4           0.362         0.362         0.362
 DDV5           0.172         0.172         0.172         0.172
 MEM1           0.858         0.626         0.362         0.172         1.000
 MEM2           0.780         0.626         0.362         0.172         0.780
 MEM3           0.575         0.575         0.362         0.172         0.575
 MEM4           0.345         0.345         0.345         0.172         0.345
 MEM5           0.166         0.166         0.166         0.166         0.166
 COHORT         0.858         0.626         0.362         0.172         1.000
 AGEB           0.858         0.626         0.362         0.172         1.000
 ZFREQF         0.858         0.626         0.362         0.172         1.000


           Covariance Coverage
              MEM2          MEM3          MEM4          MEM5          COHORT
              ________      ________      ________      ________      ________
 MEM2           0.780
 MEM3           0.575         0.575
 MEM4           0.345         0.345         0.345
 MEM5           0.166         0.166         0.166         0.166
 COHORT         0.780         0.575         0.345         0.166         1.000
 AGEB           0.780         0.575         0.345         0.166         1.000
 ZFREQF         0.780         0.575         0.345         0.166         1.000


           Covariance Coverage
              AGEB          ZFREQF
              ________      ________
 AGEB           1.000
 ZFREQF         1.000         1.000


     PROPORTION OF DATA PRESENT FOR U


           Covariance Coverage
              DDV2          DDV3          DDV4          DDV5
              ________      ________      ________      ________
 DDV2           0.858
 DDV3           0.626         0.626
 DDV4           0.362         0.362         0.362
 DDV5           0.172         0.172         0.172         0.172


     PROPORTION OF DATA PRESENT FOR Y


           Covariance Coverage
              MEM1          MEM2          MEM3          MEM4          MEM5
              ________      ________      ________      ________      ________
 MEM1           1.000
 MEM2           0.780         0.780
 MEM3           0.575         0.575         0.575
 MEM4           0.345         0.345         0.345         0.345
 MEM5           0.166         0.166         0.166         0.166         0.166
 COHORT         1.000         0.780         0.575         0.345         0.166
 AGEB           1.000         0.780         0.575         0.345         0.166
 ZFREQF         1.000         0.780         0.575         0.345         0.166


           Covariance Coverage
              COHORT        AGEB          ZFREQF
              ________      ________      ________
 COHORT         1.000
 AGEB           1.000         1.000
 ZFREQF         1.000         1.000         1.000


UNIVARIATE PROPORTIONS AND COUNTS FOR CATEGORICAL VARIABLES

    DDV2
      Category 1    0.910          455.000
      Category 2    0.090           45.000
    DDV3
      Category 1    0.918          335.000
      Category 2    0.082           30.000
    DDV4
      Category 1    0.953          201.000
      Category 2    0.047           10.000
    DDV5
      Category 1    0.970           97.000
      Category 2    0.030            3.000



UNIVARIATE SAMPLE STATISTICS


     UNIVARIATE HIGHER-ORDER MOMENT DESCRIPTIVE STATISTICS

         Variable/         Mean/     Skewness/   Minimum/ % with                Percentiles
        Sample Size      Variance    Kurtosis    Maximum  Min/Max      20%/60%    40%/80%    Median

     MEM1                  0.457      -0.517      -1.964    0.17%      -0.133      0.337      0.532
             583.000       0.523       0.014       1.897    0.17%       0.714      1.064
     MEM2                  0.431      -0.755      -2.513    0.22%      -0.218      0.330      0.540
             455.000       0.650       0.630       2.038    0.66%       0.709      1.114
     MEM3                  0.473      -0.592      -2.746    0.30%      -0.243      0.326      0.568
             335.000       0.666       0.316       2.038    0.30%       0.743      1.205
     MEM4                  0.411      -0.785      -2.280    0.50%      -0.305      0.371      0.562
             201.000       0.747       0.229       1.982    0.50%       0.771      1.092
     MEM5                  0.334      -0.753      -2.102    1.03%      -0.299      0.247      0.540
              97.000       0.759       0.317       2.038    1.03%       0.652      0.979
     COHORT                0.000      -2.427      -2.645    9.78%       0.355      0.355      0.355
             583.000       0.816       4.229       0.355   84.05%       0.355      0.355
     AGEB                  0.000       0.641     -12.360    0.17%      -5.990     -3.248     -1.369
             583.000      45.735      -0.181      23.347    0.17%       0.894      5.807
     ZFREQF               -0.011       0.356      -3.006    0.17%      -0.840     -0.377     -0.059
             583.000       1.076       0.481       4.284    0.17%       0.185      0.795


THE MODEL ESTIMATION TERMINATED NORMALLY



MODEL FIT INFORMATION

Number of Free Parameters                       23

Loglikelihood

          H0 Value                       -1648.807

Information Criteria

          Akaike (AIC)                    3343.615
          Bayesian (BIC)                  3444.083
          Sample-Size Adjusted BIC        3371.066
            (n* = (n + 2) / 24)



MODEL RESULTS

                                                    Two-Tailed
                    Estimate       S.E.  Est./S.E.    P-Value

 F        BY
    DDV2               1.000      0.000    999.000    999.000
    DDV3               1.000      0.000    999.000    999.000
    DDV4               1.000      0.000    999.000    999.000
    DDV5               1.000      0.000    999.000    999.000

 F          ON
    I                 -0.569      0.244     -2.330      0.020
    S                 -2.679      5.271     -0.508      0.611

 I          ON
    AGEB              -0.028      0.004     -6.262      0.000
    COHORT            -0.024      0.033     -0.718      0.473
    ZFREQF             0.179      0.027      6.627      0.000

 S          ON
    AGEB              -0.005      0.001     -5.359      0.000
    COHORT             0.003      0.005      0.526      0.599
    ZFREQF             0.021      0.006      3.339      0.001

 F          ON
    COHORT            -0.171      0.098     -1.740      0.082
    AGEB               0.078      0.033      2.375      0.018

 Intercepts
    MEM1               0.000      0.000    999.000    999.000
    MEM2               0.000      0.000    999.000    999.000
    MEM3               0.000      0.000    999.000    999.000
    MEM4               0.000      0.000    999.000    999.000
    MEM5               0.000      0.000    999.000    999.000
    I                  0.468      0.030     15.649      0.000
    S                 -0.045      0.006     -7.009      0.000

 Thresholds
    DDV2$1             2.474      0.359      6.899      0.000
    DDV3$1             2.391      0.399      5.998      0.000
    DDV4$1             2.969      0.481      6.172      0.000
    DDV5$1             3.527      0.701      5.032      0.000

 Residual Variances
    MEM1               0.112      0.015      7.659      0.000
    MEM2               0.148      0.014     10.262      0.000
    MEM3               0.134      0.012     10.966      0.000
    MEM4               0.143      0.020      7.273      0.000
    MEM5               0.161      0.041      3.966      0.000
    F                  0.000      0.000    999.000    999.000
    I                  0.334      0.026     12.810      0.000
    S                  0.003      0.001      4.694      0.000


QUALITY OF NUMERICAL RESULTS

     Condition Number for the Information Matrix              0.101E-05
       (ratio of smallest to largest eigenvalue)


CONFIDENCE INTERVALS OF MODEL RESULTS

                  Lower .5%  Lower 2.5%    Lower 5%    Estimate    Upper 5%  Upper 2.5%   Upper .5%

 F        BY
    DDV2             1.000       1.000       1.000       1.000       1.000       1.000       1.000
    DDV3             1.000       1.000       1.000       1.000       1.000       1.000       1.000
    DDV4             1.000       1.000       1.000       1.000       1.000       1.000       1.000
    DDV5             1.000       1.000       1.000       1.000       1.000       1.000       1.000

 F        ON
    I               -1.198      -1.048      -0.971      -0.569      -0.167      -0.090       0.060
    S              -16.256     -13.010     -11.349      -2.679       5.992       7.653      10.899

 I        ON
    AGEB            -0.039      -0.036      -0.035      -0.028      -0.020      -0.019      -0.016
    COHORT          -0.108      -0.088      -0.077      -0.024       0.030       0.041       0.061
    ZFREQF           0.110       0.126       0.135       0.179       0.224       0.232       0.249

 S        ON
    AGEB            -0.007      -0.007      -0.007      -0.005      -0.003      -0.003      -0.003
    COHORT          -0.011      -0.008      -0.006       0.003       0.012       0.013       0.017
    ZFREQF           0.005       0.008       0.010       0.021       0.031       0.033       0.036

 F        ON
    COHORT          -0.425      -0.364      -0.333      -0.171      -0.009       0.022       0.082
    AGEB            -0.007       0.014       0.024       0.078       0.132       0.142       0.162

 Intercepts
    MEM1             0.000       0.000       0.000       0.000       0.000       0.000       0.000
    MEM2             0.000       0.000       0.000       0.000       0.000       0.000       0.000
    MEM3             0.000       0.000       0.000       0.000       0.000       0.000       0.000
    MEM4             0.000       0.000       0.000       0.000       0.000       0.000       0.000
    MEM5             0.000       0.000       0.000       0.000       0.000       0.000       0.000
    I                0.391       0.409       0.419       0.468       0.517       0.527       0.545
    S               -0.062      -0.058      -0.056      -0.045      -0.035      -0.033      -0.029

 Thresholds
    DDV2$1           1.550       1.771       1.884       2.474       3.064       3.177       3.397
    DDV3$1           1.364       1.610       1.736       2.391       3.047       3.173       3.419
    DDV4$1           1.730       2.026       2.178       2.969       3.761       3.912       4.209
    DDV5$1           1.721       2.153       2.374       3.527       4.680       4.901       5.333

 Residual Variances
    MEM1             0.074       0.083       0.088       0.112       0.135       0.140       0.149
    MEM2             0.111       0.120       0.125       0.148       0.172       0.177       0.186
    MEM3             0.103       0.110       0.114       0.134       0.154       0.158       0.166
    MEM4             0.093       0.105       0.111       0.143       0.176       0.182       0.194
    MEM5             0.057       0.082       0.094       0.161       0.228       0.241       0.266
    F                0.000       0.000       0.000       0.000       0.000       0.000       0.000
    I                0.267       0.283       0.291       0.334       0.377       0.385       0.401
    S                0.002       0.002       0.002       0.003       0.005       0.005       0.005


DIAGRAM INFORMATION

  Use View Diagram under the Diagram menu in the Mplus Editor to view the diagram.
  If running Mplus from the Mplus Diagrammer, the diagram opens automatically.

  Diagram output
    c:\users\jet\documents\research_data\analyses 2020-01 msc thesis\2020-09 analyses\mplus output\4.conditional_sens_2f

     Beginning Time:  12:36:57
        Ending Time:  12:37:02
       Elapsed Time:  00:00:05



MUTHEN & MUTHEN
3463 Stoner Ave.
Los Angeles, CA  90066

Tel: (310) 391-9971
Fax: (310) 391-8971
Web: www.StatModel.com
Support: Support@StatModel.com

Copyright (c) 1998-2017 Muthen & Muthen
